Using pre-set license
Built from '2021.3/staging' branch; Version is '2021.3.15f1 (e8e88683f834) revision 15263878'; Using compiler version '192829333'; Build Type 'Release'
OS: 'Windows 10  (10.0.19044) 64bit Core' Language: 'en' Physical Memory: 15792 MB
BatchMode: 1, IsHumanControllingUs: 0, StartBugReporterOnCrash: 0, Is64bit: 1, IsPro: 1

COMMAND LINE ARGUMENTS:
C:\Program Files\Unity\Hub\Editor\2021.3.15f1\Editor\Unity.exe
-adb2
-batchMode
-noUpm
-name
AssetImportWorker1
-projectPath
C:/Users/aidan/OneDrive/Documents/GitHub/Coding-camp-car-game/Car Game
-logFile
Logs/AssetImportWorker1.log
-srvPort
53378
Successfully changed project path to: C:/Users/aidan/OneDrive/Documents/GitHub/Coding-camp-car-game/Car Game
C:/Users/aidan/OneDrive/Documents/GitHub/Coding-camp-car-game/Car Game
[UnityMemory] Configuration Parameters - Can be set up in boot.config
    "memorysetup-bucket-allocator-granularity=16"
    "memorysetup-bucket-allocator-bucket-count=8"
    "memorysetup-bucket-allocator-block-size=33554432"
    "memorysetup-bucket-allocator-block-count=8"
    "memorysetup-main-allocator-block-size=16777216"
    "memorysetup-thread-allocator-block-size=16777216"
    "memorysetup-gfx-main-allocator-block-size=16777216"
    "memorysetup-gfx-thread-allocator-block-size=16777216"
    "memorysetup-cache-allocator-block-size=4194304"
    "memorysetup-typetree-allocator-block-size=2097152"
    "memorysetup-profiler-bucket-allocator-granularity=16"
    "memorysetup-profiler-bucket-allocator-bucket-count=8"
    "memorysetup-profiler-bucket-allocator-block-size=33554432"
    "memorysetup-profiler-bucket-allocator-block-count=8"
    "memorysetup-profiler-allocator-block-size=16777216"
    "memorysetup-profiler-editor-allocator-block-size=1048576"
    "memorysetup-temp-allocator-size-main=16777216"
    "memorysetup-job-temp-allocator-block-size=2097152"
    "memorysetup-job-temp-allocator-block-size-background=1048576"
    "memorysetup-job-temp-allocator-reduction-small-platforms=262144"
    "memorysetup-temp-allocator-size-background-worker=32768"
    "memorysetup-temp-allocator-size-job-worker=262144"
    "memorysetup-temp-allocator-size-preload-manager=33554432"
    "memorysetup-temp-allocator-size-nav-mesh-worker=65536"
    "memorysetup-temp-allocator-size-audio-worker=65536"
    "memorysetup-temp-allocator-size-cloud-worker=32768"
    "memorysetup-temp-allocator-size-gi-baking-worker=262144"
    "memorysetup-temp-allocator-size-gfx=262144"
Player connection [33468] Host "[IP] 172.20.10.4 [Port] 0 [Flags] 2 [Guid] 634795962 [EditorId] 634795962 [Version] 1048832 [Id] WindowsEditor(7,LAPTOP-CU7MOOAT) [Debug] 1 [PackageName] WindowsEditor [ProjectName] Editor" joined multi-casting on [225.0.0.222:54997]...

Player connection [33468] Host "[IP] 172.20.10.4 [Port] 0 [Flags] 2 [Guid] 634795962 [EditorId] 634795962 [Version] 1048832 [Id] WindowsEditor(7,LAPTOP-CU7MOOAT) [Debug] 1 [PackageName] WindowsEditor [ProjectName] Editor" joined alternative multi-casting on [225.0.0.222:34997]...

Refreshing native plugins compatible for Editor in 64.92 ms, found 3 plugins.
Preloading 0 native plugins for Editor in 0.00 ms.
Initialize engine version: 2021.3.15f1 (e8e88683f834)
[Subsystems] Discovering subsystems at path C:/Program Files/Unity/Hub/Editor/2021.3.15f1/Editor/Data/Resources/UnitySubsystems
[Subsystems] Discovering subsystems at path C:/Users/aidan/OneDrive/Documents/GitHub/Coding-camp-car-game/Car Game/Assets
GfxDevice: creating device client; threaded=0; jobified=0
Direct3D:
    Version:  Direct3D 11.0 [level 11.1]
    Renderer: NVIDIA GeForce RTX 3080 Laptop GPU (ID=0x249c)
    Vendor:   NVIDIA
    VRAM:     16201 MB
    Driver:   30.0.15.1278
Initialize mono
Mono path[0] = 'C:/Program Files/Unity/Hub/Editor/2021.3.15f1/Editor/Data/Managed'
Mono path[1] = 'C:/Program Files/Unity/Hub/Editor/2021.3.15f1/Editor/Data/MonoBleedingEdge/lib/mono/unityjit-win32'
Mono config path = 'C:/Program Files/Unity/Hub/Editor/2021.3.15f1/Editor/Data/MonoBleedingEdge/etc'
Using monoOptions --debugger-agent=transport=dt_socket,embedding=1,server=y,suspend=n,address=127.0.0.1:56064
Begin MonoManager ReloadAssembly
Registering precompiled unity dll's ...
Register platform support module: C:/Program Files/Unity/Hub/Editor/2021.3.15f1/Editor/Data/PlaybackEngines/WindowsStandaloneSupport/UnityEditor.WindowsStandalone.Extensions.dll
Registered in 0.009218 seconds.
Native extension for WindowsStandalone target not found
Refreshing native plugins compatible for Editor in 63.70 ms, found 3 plugins.
Preloading 0 native plugins for Editor in 0.00 ms.
Mono: successfully reloaded assembly
- Completed reload, in  0.540 seconds
Domain Reload Profiling:
	ReloadAssembly (540ms)
		BeginReloadAssembly (80ms)
			ExecutionOrderSort (0ms)
			DisableScriptedObjects (0ms)
			BackupInstance (0ms)
			ReleaseScriptingObjects (0ms)
			CreateAndSetChildDomain (1ms)
		EndReloadAssembly (363ms)
			LoadAssemblies (77ms)
			RebuildTransferFunctionScriptingTraits (0ms)
			SetupTypeCache (81ms)
			ReleaseScriptCaches (0ms)
			RebuildScriptCaches (19ms)
			SetupLoadedEditorAssemblies (219ms)
				LogAssemblyErrors (0ms)
				InitializePlatformSupportModulesInManaged (8ms)
				SetLoadedEditorAssemblies (0ms)
				RefreshPlugins (64ms)
				BeforeProcessingInitializeOnLoad (1ms)
				ProcessInitializeOnLoadAttributes (110ms)
				ProcessInitializeOnLoadMethodAttributes (36ms)
				AfterProcessingInitializeOnLoad (0ms)
				EditorAssembliesLoaded (0ms)
			ExecutionOrderSort2 (0ms)
			AwakeInstancesAfterBackupRestoration (0ms)
Platform modules already initialized, skipping
Registering precompiled user dll's ...
Registered in 0.011071 seconds.
Begin MonoManager ReloadAssembly
Symbol file LoadedFromMemory doesn't match image C:\Users\aidan\OneDrive\Documents\GitHub\Coding-camp-car-game\Car Game\Library\PackageCache\com.unity.visualscripting@1.7.8\Editor\VisualScripting.Core\Dependencies\YamlDotNet\Unity.VisualScripting.YamlDotNet.dll
Symbol file LoadedFromMemory doesn't match image C:\Users\aidan\OneDrive\Documents\GitHub\Coding-camp-car-game\Car Game\Library\PackageCache\com.unity.visualscripting@1.7.8\Editor\VisualScripting.Core\Dependencies\DotNetZip\Unity.VisualScripting.IonicZip.dll
Native extension for WindowsStandalone target not found
Refreshing native plugins compatible for Editor in 0.47 ms, found 3 plugins.
Preloading 0 native plugins for Editor in 0.00 ms.
Mono: successfully reloaded assembly
- Completed reload, in  0.857 seconds
Domain Reload Profiling:
	ReloadAssembly (858ms)
		BeginReloadAssembly (109ms)
			ExecutionOrderSort (0ms)
			DisableScriptedObjects (5ms)
			BackupInstance (0ms)
			ReleaseScriptingObjects (0ms)
			CreateAndSetChildDomain (17ms)
		EndReloadAssembly (652ms)
			LoadAssemblies (98ms)
			RebuildTransferFunctionScriptingTraits (0ms)
			SetupTypeCache (199ms)
			ReleaseScriptCaches (1ms)
			RebuildScriptCaches (36ms)
			SetupLoadedEditorAssemblies (308ms)
				LogAssemblyErrors (0ms)
				InitializePlatformSupportModulesInManaged (5ms)
				SetLoadedEditorAssemblies (0ms)
				RefreshPlugins (1ms)
				BeforeProcessingInitializeOnLoad (81ms)
				ProcessInitializeOnLoadAttributes (190ms)
				ProcessInitializeOnLoadMethodAttributes (20ms)
				AfterProcessingInitializeOnLoad (11ms)
				EditorAssembliesLoaded (0ms)
			ExecutionOrderSort2 (0ms)
			AwakeInstancesAfterBackupRestoration (5ms)
Platform modules already initialized, skipping
========================================================================
Worker process is ready to serve import requests
Launched and connected shader compiler UnityShaderCompiler.exe after 0.04 seconds
Refreshing native plugins compatible for Editor in 0.61 ms, found 3 plugins.
Preloading 0 native plugins for Editor in 0.00 ms.
Unloading 3376 Unused Serialized files (Serialized files now loaded: 0)
Unloading 27 unused Assets / (114.1 KB). Loaded Objects now: 3838.
Memory consumption went from 118.8 MB to 118.7 MB.
Total: 2.497100 ms (FindLiveObjects: 0.230400 ms CreateObjectMapping: 0.087900 ms MarkObjects: 2.079000 ms  DeleteObjects: 0.098900 ms)

AssetImportParameters requested are different than current active one (requested -> active):
  custom:video-decoder-ogg-theora: a1e56fd34408186e4bbccfd4996cb3dc -> 
  custom:container-muxer-webm: aa71ff27fc2769a1b78a27578f13a17b -> 
  custom:container-demuxer-webm: 4f35f7cbe854078d1ac9338744f61a02 -> 
  custom:video-encoder-webm-vp8: eb34c28f22e8b96e1ab97ce403110664 -> 
  custom:video-codec-MediaFoundation-h265: 746d11721c4dcdbdad8f713fa42b33f4 -> 
  custom:audio-encoder-webm-vorbis: bf7c407c2cedff20999df2af8eb42d56 -> 
  custom:framework-win-MediaFoundation: 216162199b28c13a410421893ffa2e32 -> 
  custom:container-demuxer-ogg: 62fdf1f143b41e24485cea50d1cbac27 -> 
  custom:video-decoder-webm-vp8: 9c59270c3fd7afecdb556c50c9e8de78 -> 
  custom:audio-decoder-ogg-vorbis: bf7c407c2cedff20999df2af8eb42d56 -> 
========================================================================
Received Import Request.
  Time since last request: 495718.870476 seconds.
  path: Assets/wall/destructible Wall.prefab
  artifactKey: Guid(7d80b13c66f14c64c9ad147a6a62db76) Importer(815301076,1909f56bfc062723c751e8b465ee728b)
Start importing Assets/wall/destructible Wall.prefab using Guid(7d80b13c66f14c64c9ad147a6a62db76) Importer(815301076,1909f56bfc062723c751e8b465ee728b)  -> (artifact id: 'e27a413e26f3e8ae195a453d88a4eb21') in 0.100475 seconds 
========================================================================
Received Import Request.
  Time since last request: 17.762507 seconds.
  path: Assets/wall/destructible Wall.prefab
  artifactKey: Guid(7d80b13c66f14c64c9ad147a6a62db76) Importer(815301076,1909f56bfc062723c751e8b465ee728b)
Start importing Assets/wall/destructible Wall.prefab using Guid(7d80b13c66f14c64c9ad147a6a62db76) Importer(815301076,1909f56bfc062723c751e8b465ee728b)  -> (artifact id: 'c69b49ab94775f7e8bd9a4435d1e4ce8') in 0.008220 seconds 
========================================================================
Received Import Request.
  Time since last request: 9.389310 seconds.
  path: Assets/wall/destructible Wall.prefab
  artifactKey: Guid(7d80b13c66f14c64c9ad147a6a62db76) Importer(815301076,1909f56bfc062723c751e8b465ee728b)
Start importing Assets/wall/destructible Wall.prefab using Guid(7d80b13c66f14c64c9ad147a6a62db76) Importer(815301076,1909f56bfc062723c751e8b465ee728b)  -> (artifact id: '2d51bad48b5bcd306ad5a2eb3622f388') in 0.011337 seconds 
========================================================================
Received Import Request.
  Time since last request: 2.902016 seconds.
  path: Assets/wall/destructible Wall.prefab
  artifactKey: Guid(7d80b13c66f14c64c9ad147a6a62db76) Importer(815301076,1909f56bfc062723c751e8b465ee728b)
Start importing Assets/wall/destructible Wall.prefab using Guid(7d80b13c66f14c64c9ad147a6a62db76) Importer(815301076,1909f56bfc062723c751e8b465ee728b)  -> (artifact id: '9ee1ab22efe724724b45ee0f1e83d32f') in 0.008126 seconds 
========================================================================
Received Import Request.
  Time since last request: 6.628173 seconds.
  path: Assets/wall/destructible Wall.prefab
  artifactKey: Guid(7d80b13c66f14c64c9ad147a6a62db76) Importer(815301076,1909f56bfc062723c751e8b465ee728b)
Start importing Assets/wall/destructible Wall.prefab using Guid(7d80b13c66f14c64c9ad147a6a62db76) Importer(815301076,1909f56bfc062723c751e8b465ee728b)  -> (artifact id: '400056824c8d0758c1cc66f6411d8f86') in 0.018874 seconds 
========================================================================
Received Import Request.
  Time since last request: 8.425377 seconds.
  path: Assets/wall/destructible Wall.prefab
  artifactKey: Guid(7d80b13c66f14c64c9ad147a6a62db76) Importer(815301076,1909f56bfc062723c751e8b465ee728b)
Start importing Assets/wall/destructible Wall.prefab using Guid(7d80b13c66f14c64c9ad147a6a62db76) Importer(815301076,1909f56bfc062723c751e8b465ee728b)  -> (artifact id: 'cf0943e95f47209911ff5beca723bff4') in 0.016501 seconds 
========================================================================
Received Import Request.
  Time since last request: 11.854791 seconds.
  path: Assets/wall/destructible Wall.prefab
  artifactKey: Guid(7d80b13c66f14c64c9ad147a6a62db76) Importer(815301076,1909f56bfc062723c751e8b465ee728b)
Start importing Assets/wall/destructible Wall.prefab using Guid(7d80b13c66f14c64c9ad147a6a62db76) Importer(815301076,1909f56bfc062723c751e8b465ee728b)  -> (artifact id: 'db2b0eaab45f65418413184013fdd31c') in 0.010767 seconds 
========================================================================
Received Import Request.
  Time since last request: 8.644867 seconds.
  path: Assets/wall/destructible Wall.prefab
  artifactKey: Guid(7d80b13c66f14c64c9ad147a6a62db76) Importer(815301076,1909f56bfc062723c751e8b465ee728b)
Start importing Assets/wall/destructible Wall.prefab using Guid(7d80b13c66f14c64c9ad147a6a62db76) Importer(815301076,1909f56bfc062723c751e8b465ee728b)  -> (artifact id: 'db7864cbad11ea832b99b4951681fca5') in 0.010911 seconds 
========================================================================
Received Import Request.
  Time since last request: 5.016220 seconds.
  path: Assets/wall/destructible Wall.prefab
  artifactKey: Guid(7d80b13c66f14c64c9ad147a6a62db76) Importer(815301076,1909f56bfc062723c751e8b465ee728b)
Start importing Assets/wall/destructible Wall.prefab using Guid(7d80b13c66f14c64c9ad147a6a62db76) Importer(815301076,1909f56bfc062723c751e8b465ee728b)  -> (artifact id: '2374d62a3304a42e6ea157bfcdff136c') in 0.008304 seconds 
========================================================================
Received Import Request.
  Time since last request: 2.400723 seconds.
  path: Assets/wall/destructible Wall.prefab
  artifactKey: Guid(7d80b13c66f14c64c9ad147a6a62db76) Importer(815301076,1909f56bfc062723c751e8b465ee728b)
Start importing Assets/wall/destructible Wall.prefab using Guid(7d80b13c66f14c64c9ad147a6a62db76) Importer(815301076,1909f56bfc062723c751e8b465ee728b)  -> (artifact id: 'c50cb4127474fe670b2eeb5a17e25220') in 0.010641 seconds 
========================================================================
Received Import Request.
  Time since last request: 2.598651 seconds.
  path: Assets/wall/destructible Wall.prefab
  artifactKey: Guid(7d80b13c66f14c64c9ad147a6a62db76) Importer(815301076,1909f56bfc062723c751e8b465ee728b)
Start importing Assets/wall/destructible Wall.prefab using Guid(7d80b13c66f14c64c9ad147a6a62db76) Importer(815301076,1909f56bfc062723c751e8b465ee728b)  -> (artifact id: '09ce2225536063ca7755c47f24c18e76') in 0.012752 seconds 
========================================================================
Received Import Request.
  Time since last request: 2.386854 seconds.
  path: Assets/wall/destructible Wall.prefab
  artifactKey: Guid(7d80b13c66f14c64c9ad147a6a62db76) Importer(815301076,1909f56bfc062723c751e8b465ee728b)
Start importing Assets/wall/destructible Wall.prefab using Guid(7d80b13c66f14c64c9ad147a6a62db76) Importer(815301076,1909f56bfc062723c751e8b465ee728b)  -> (artifact id: '1e0cba78139a810a7a15f18199f25f1c') in 0.010566 seconds 
========================================================================
Received Import Request.
  Time since last request: 6.448465 seconds.
  path: Assets/wall/destructible Wall.prefab
  artifactKey: Guid(7d80b13c66f14c64c9ad147a6a62db76) Importer(815301076,1909f56bfc062723c751e8b465ee728b)
Start importing Assets/wall/destructible Wall.prefab using Guid(7d80b13c66f14c64c9ad147a6a62db76) Importer(815301076,1909f56bfc062723c751e8b465ee728b)  -> (artifact id: '8bfeb971506021d8ad373e7868039025') in 0.009696 seconds 
========================================================================
Received Import Request.
  Time since last request: 3.401796 seconds.
  path: Assets/wall/destructible Wall.prefab
  artifactKey: Guid(7d80b13c66f14c64c9ad147a6a62db76) Importer(815301076,1909f56bfc062723c751e8b465ee728b)
Start importing Assets/wall/destructible Wall.prefab using Guid(7d80b13c66f14c64c9ad147a6a62db76) Importer(815301076,1909f56bfc062723c751e8b465ee728b)  -> (artifact id: '498ba2a51a23c80b7adce2e2f222ea9c') in 0.010381 seconds 
========================================================================
Received Import Request.
  Time since last request: 1.799648 seconds.
  path: Assets/wall/destructible Wall.prefab
  artifactKey: Guid(7d80b13c66f14c64c9ad147a6a62db76) Importer(815301076,1909f56bfc062723c751e8b465ee728b)
Start importing Assets/wall/destructible Wall.prefab using Guid(7d80b13c66f14c64c9ad147a6a62db76) Importer(815301076,1909f56bfc062723c751e8b465ee728b)  -> (artifact id: '8c6d63432bcafb16fce880b2925a9d13') in 0.010175 seconds 
========================================================================
Received Import Request.
  Time since last request: 8.029701 seconds.
  path: Assets/wall/destructible Wall.prefab
  artifactKey: Guid(7d80b13c66f14c64c9ad147a6a62db76) Importer(815301076,1909f56bfc062723c751e8b465ee728b)
Start importing Assets/wall/destructible Wall.prefab using Guid(7d80b13c66f14c64c9ad147a6a62db76) Importer(815301076,1909f56bfc062723c751e8b465ee728b)  -> (artifact id: '42025ba6f4f9df20fd30f4163023a7c0') in 0.010896 seconds 
========================================================================
Received Import Request.
  Time since last request: 3.005381 seconds.
  path: Assets/wall/destructible Wall.prefab
  artifactKey: Guid(7d80b13c66f14c64c9ad147a6a62db76) Importer(815301076,1909f56bfc062723c751e8b465ee728b)
Start importing Assets/wall/destructible Wall.prefab using Guid(7d80b13c66f14c64c9ad147a6a62db76) Importer(815301076,1909f56bfc062723c751e8b465ee728b)  -> (artifact id: '144bf9af23fe222abb63c09e81d23370') in 0.011845 seconds 
========================================================================
Received Import Request.
  Time since last request: 4.611549 seconds.
  path: Assets/wall/destructible Wall.prefab
  artifactKey: Guid(7d80b13c66f14c64c9ad147a6a62db76) Importer(815301076,1909f56bfc062723c751e8b465ee728b)
Start importing Assets/wall/destructible Wall.prefab using Guid(7d80b13c66f14c64c9ad147a6a62db76) Importer(815301076,1909f56bfc062723c751e8b465ee728b)  -> (artifact id: 'a44caa2c5bdaeeced674950a610b0cc1') in 0.010585 seconds 
========================================================================
Received Import Request.
  Time since last request: 3.609861 seconds.
  path: Assets/wall/destructible Wall.prefab
  artifactKey: Guid(7d80b13c66f14c64c9ad147a6a62db76) Importer(815301076,1909f56bfc062723c751e8b465ee728b)
Start importing Assets/wall/destructible Wall.prefab using Guid(7d80b13c66f14c64c9ad147a6a62db76) Importer(815301076,1909f56bfc062723c751e8b465ee728b)  -> (artifact id: '196739fa6fb5f55466f32d0dae9fb3b3') in 0.012388 seconds 
========================================================================
Received Import Request.
  Time since last request: 2.397176 seconds.
  path: Assets/wall/destructible Wall.prefab
  artifactKey: Guid(7d80b13c66f14c64c9ad147a6a62db76) Importer(815301076,1909f56bfc062723c751e8b465ee728b)
Start importing Assets/wall/destructible Wall.prefab using Guid(7d80b13c66f14c64c9ad147a6a62db76) Importer(815301076,1909f56bfc062723c751e8b465ee728b)  -> (artifact id: '2b2de63aef9391d9b674b9cfdb2def87') in 0.010793 seconds 
========================================================================
Received Import Request.
  Time since last request: 2.613939 seconds.
  path: Assets/wall/destructible Wall.prefab
  artifactKey: Guid(7d80b13c66f14c64c9ad147a6a62db76) Importer(815301076,1909f56bfc062723c751e8b465ee728b)
Start importing Assets/wall/destructible Wall.prefab using Guid(7d80b13c66f14c64c9ad147a6a62db76) Importer(815301076,1909f56bfc062723c751e8b465ee728b)  -> (artifact id: '8b328ecbddce190d987c1e4722f1d8ea') in 0.011255 seconds 
========================================================================
Received Import Request.
  Time since last request: 3.995288 seconds.
  path: Assets/wall/destructible Wall.prefab
  artifactKey: Guid(7d80b13c66f14c64c9ad147a6a62db76) Importer(815301076,1909f56bfc062723c751e8b465ee728b)
Start importing Assets/wall/destructible Wall.prefab using Guid(7d80b13c66f14c64c9ad147a6a62db76) Importer(815301076,1909f56bfc062723c751e8b465ee728b)  -> (artifact id: 'c5a5073b42c07cebde3221461f434bfe') in 0.010288 seconds 
========================================================================
Received Import Request.
  Time since last request: 2.805308 seconds.
  path: Assets/wall/destructible Wall.prefab
  artifactKey: Guid(7d80b13c66f14c64c9ad147a6a62db76) Importer(815301076,1909f56bfc062723c751e8b465ee728b)
Start importing Assets/wall/destructible Wall.prefab using Guid(7d80b13c66f14c64c9ad147a6a62db76) Importer(815301076,1909f56bfc062723c751e8b465ee728b)  -> (artifact id: 'cb5fa3859c234f2f5fc02fb8aa3ae96e') in 0.010237 seconds 
========================================================================
Received Import Request.
  Time since last request: 2.394276 seconds.
  path: Assets/wall/destructible Wall.prefab
  artifactKey: Guid(7d80b13c66f14c64c9ad147a6a62db76) Importer(815301076,1909f56bfc062723c751e8b465ee728b)
Start importing Assets/wall/destructible Wall.prefab using Guid(7d80b13c66f14c64c9ad147a6a62db76) Importer(815301076,1909f56bfc062723c751e8b465ee728b)  -> (artifact id: '615b8fec213cac87df66a80ca17175c1') in 0.013674 seconds 
========================================================================
Received Import Request.
  Time since last request: 3.010344 seconds.
  path: Assets/wall/destructible Wall.prefab
  artifactKey: Guid(7d80b13c66f14c64c9ad147a6a62db76) Importer(815301076,1909f56bfc062723c751e8b465ee728b)
Start importing Assets/wall/destructible Wall.prefab using Guid(7d80b13c66f14c64c9ad147a6a62db76) Importer(815301076,1909f56bfc062723c751e8b465ee728b)  -> (artifact id: 'f16cf6dbb808acfe2115e3380335ff25') in 0.010815 seconds 
========================================================================
Received Import Request.
  Time since last request: 2.195838 seconds.
  path: Assets/wall/destructible Wall.prefab
  artifactKey: Guid(7d80b13c66f14c64c9ad147a6a62db76) Importer(815301076,1909f56bfc062723c751e8b465ee728b)
Start importing Assets/wall/destructible Wall.prefab using Guid(7d80b13c66f14c64c9ad147a6a62db76) Importer(815301076,1909f56bfc062723c751e8b465ee728b)  -> (artifact id: '913f33fea3fa82e560ae3c6e8438fb0c') in 0.013295 seconds 
========================================================================
Received Import Request.
  Time since last request: 5.435056 seconds.
  path: Assets/wall/destructible Wall.prefab
  artifactKey: Guid(7d80b13c66f14c64c9ad147a6a62db76) Importer(815301076,1909f56bfc062723c751e8b465ee728b)
Start importing Assets/wall/destructible Wall.prefab using Guid(7d80b13c66f14c64c9ad147a6a62db76) Importer(815301076,1909f56bfc062723c751e8b465ee728b)  -> (artifact id: '145287076ceecd8c2005e5f4bde25b73') in 0.008246 seconds 
========================================================================
Received Import Request.
  Time since last request: 3.007045 seconds.
  path: Assets/wall/destructible Wall.prefab
  artifactKey: Guid(7d80b13c66f14c64c9ad147a6a62db76) Importer(815301076,1909f56bfc062723c751e8b465ee728b)
Start importing Assets/wall/destructible Wall.prefab using Guid(7d80b13c66f14c64c9ad147a6a62db76) Importer(815301076,1909f56bfc062723c751e8b465ee728b)  -> (artifact id: '10ce69472960838fe144d6d358381ba2') in 0.011229 seconds 
========================================================================
Received Import Request.
  Time since last request: 3.807614 seconds.
  path: Assets/wall/destructible Wall.prefab
  artifactKey: Guid(7d80b13c66f14c64c9ad147a6a62db76) Importer(815301076,1909f56bfc062723c751e8b465ee728b)
Start importing Assets/wall/destructible Wall.prefab using Guid(7d80b13c66f14c64c9ad147a6a62db76) Importer(815301076,1909f56bfc062723c751e8b465ee728b)  -> (artifact id: '9de07792f2f732b688dcdc15f6aeec5c') in 0.010254 seconds 
========================================================================
Received Import Request.
  Time since last request: 5.218736 seconds.
  path: Assets/wall/destructible Wall.prefab
  artifactKey: Guid(7d80b13c66f14c64c9ad147a6a62db76) Importer(815301076,1909f56bfc062723c751e8b465ee728b)
Start importing Assets/wall/destructible Wall.prefab using Guid(7d80b13c66f14c64c9ad147a6a62db76) Importer(815301076,1909f56bfc062723c751e8b465ee728b)  -> (artifact id: '4a0ed0f97d9be97cc010a75245d8382e') in 0.009901 seconds 
========================================================================
Received Import Request.
  Time since last request: 2.204795 seconds.
  path: Assets/wall/destructible Wall.prefab
  artifactKey: Guid(7d80b13c66f14c64c9ad147a6a62db76) Importer(815301076,1909f56bfc062723c751e8b465ee728b)
Start importing Assets/wall/destructible Wall.prefab using Guid(7d80b13c66f14c64c9ad147a6a62db76) Importer(815301076,1909f56bfc062723c751e8b465ee728b)  -> (artifact id: 'b33f867d404eaccafdf42d06d73fdd83') in 0.008834 seconds 
========================================================================
Received Import Request.
  Time since last request: 2.997721 seconds.
  path: Assets/wall/destructible Wall.prefab
  artifactKey: Guid(7d80b13c66f14c64c9ad147a6a62db76) Importer(815301076,1909f56bfc062723c751e8b465ee728b)
Start importing Assets/wall/destructible Wall.prefab using Guid(7d80b13c66f14c64c9ad147a6a62db76) Importer(815301076,1909f56bfc062723c751e8b465ee728b)  -> (artifact id: 'f3e2d32711359dc3d9e3619d4a8afb05') in 0.011250 seconds 
========================================================================
Received Import Request.
  Time since last request: 2.798256 seconds.
  path: Assets/wall/destructible Wall.prefab
  artifactKey: Guid(7d80b13c66f14c64c9ad147a6a62db76) Importer(815301076,1909f56bfc062723c751e8b465ee728b)
Start importing Assets/wall/destructible Wall.prefab using Guid(7d80b13c66f14c64c9ad147a6a62db76) Importer(815301076,1909f56bfc062723c751e8b465ee728b)  -> (artifact id: '14f3ac1d8d13e6609b31097411cb70d4') in 0.011406 seconds 
========================================================================
Received Import Request.
  Time since last request: 2.201827 seconds.
  path: Assets/wall/destructible Wall.prefab
  artifactKey: Guid(7d80b13c66f14c64c9ad147a6a62db76) Importer(815301076,1909f56bfc062723c751e8b465ee728b)
Start importing Assets/wall/destructible Wall.prefab using Guid(7d80b13c66f14c64c9ad147a6a62db76) Importer(815301076,1909f56bfc062723c751e8b465ee728b)  -> (artifact id: '8fa8beba2515074316938d3be65fd627') in 0.010817 seconds 
========================================================================
Received Import Request.
  Time since last request: 4.857829 seconds.
  path: Assets/wall/destructible Wall.prefab
  artifactKey: Guid(7d80b13c66f14c64c9ad147a6a62db76) Importer(815301076,1909f56bfc062723c751e8b465ee728b)
Start importing Assets/wall/destructible Wall.prefab using Guid(7d80b13c66f14c64c9ad147a6a62db76) Importer(815301076,1909f56bfc062723c751e8b465ee728b)  -> (artifact id: 'c6afd49e1fec1786e3fb2bd65b25018e') in 0.010539 seconds 
========================================================================
Received Prepare
Registering precompiled user dll's ...
Registered in 0.011248 seconds.
Begin MonoManager ReloadAssembly
Symbol file LoadedFromMemory doesn't match image C:\Users\aidan\OneDrive\Documents\GitHub\Coding-camp-car-game\Car Game\Library\PackageCache\com.unity.visualscripting@1.7.8\Editor\VisualScripting.Core\Dependencies\YamlDotNet\Unity.VisualScripting.YamlDotNet.dll
Symbol file LoadedFromMemory doesn't match image C:\Users\aidan\OneDrive\Documents\GitHub\Coding-camp-car-game\Car Game\Library\PackageCache\com.unity.visualscripting@1.7.8\Editor\VisualScripting.Core\Dependencies\DotNetZip\Unity.VisualScripting.IonicZip.dll
Native extension for WindowsStandalone target not found
Refreshing native plugins compatible for Editor in 0.66 ms, found 3 plugins.
Preloading 0 native plugins for Editor in 0.00 ms.
Mono: successfully reloaded assembly
- Completed reload, in  0.977 seconds
Domain Reload Profiling:
	ReloadAssembly (978ms)
		BeginReloadAssembly (162ms)
			ExecutionOrderSort (0ms)
			DisableScriptedObjects (4ms)
			BackupInstance (0ms)
			ReleaseScriptingObjects (0ms)
			CreateAndSetChildDomain (40ms)
		EndReloadAssembly (717ms)
			LoadAssemblies (118ms)
			RebuildTransferFunctionScriptingTraits (0ms)
			SetupTypeCache (229ms)
			ReleaseScriptCaches (1ms)
			RebuildScriptCaches (35ms)
			SetupLoadedEditorAssemblies (319ms)
				LogAssemblyErrors (0ms)
				InitializePlatformSupportModulesInManaged (12ms)
				SetLoadedEditorAssemblies (0ms)
				RefreshPlugins (1ms)
				BeforeProcessingInitializeOnLoad (73ms)
				ProcessInitializeOnLoadAttributes (194ms)
				ProcessInitializeOnLoadMethodAttributes (23ms)
				AfterProcessingInitializeOnLoad (15ms)
				EditorAssembliesLoaded (0ms)
			ExecutionOrderSort2 (0ms)
			AwakeInstancesAfterBackupRestoration (6ms)
Platform modules already initialized, skipping
Refreshing native plugins compatible for Editor in 3.13 ms, found 3 plugins.
Preloading 0 native plugins for Editor in 0.00 ms.
Unloading 3358 Unused Serialized files (Serialized files now loaded: 0)
Unloading 20 unused Assets / (80.9 KB). Loaded Objects now: 3851.
Memory consumption went from 121.9 MB to 121.8 MB.
Total: 2.862500 ms (FindLiveObjects: 0.246700 ms CreateObjectMapping: 0.092700 ms MarkObjects: 2.408100 ms  DeleteObjects: 0.113700 ms)

AssetImportParameters requested are different than current active one (requested -> active):
  custom:video-decoder-ogg-theora: a1e56fd34408186e4bbccfd4996cb3dc -> 
  custom:container-muxer-webm: aa71ff27fc2769a1b78a27578f13a17b -> 
  custom:container-demuxer-webm: 4f35f7cbe854078d1ac9338744f61a02 -> 
  custom:video-encoder-webm-vp8: eb34c28f22e8b96e1ab97ce403110664 -> 
  custom:video-codec-MediaFoundation-h265: 746d11721c4dcdbdad8f713fa42b33f4 -> 
  custom:audio-encoder-webm-vorbis: bf7c407c2cedff20999df2af8eb42d56 -> 
  custom:framework-win-MediaFoundation: 216162199b28c13a410421893ffa2e32 -> 
  custom:container-demuxer-ogg: 62fdf1f143b41e24485cea50d1cbac27 -> 
  custom:video-decoder-webm-vp8: 9c59270c3fd7afecdb556c50c9e8de78 -> 
  custom:audio-decoder-ogg-vorbis: bf7c407c2cedff20999df2af8eb42d56 -> 
========================================================================
Received Prepare
Registering precompiled user dll's ...
Registered in 0.010636 seconds.
Begin MonoManager ReloadAssembly
Symbol file LoadedFromMemory doesn't match image C:\Users\aidan\OneDrive\Documents\GitHub\Coding-camp-car-game\Car Game\Library\PackageCache\com.unity.visualscripting@1.7.8\Editor\VisualScripting.Core\Dependencies\YamlDotNet\Unity.VisualScripting.YamlDotNet.dll
Symbol file LoadedFromMemory doesn't match image C:\Users\aidan\OneDrive\Documents\GitHub\Coding-camp-car-game\Car Game\Library\PackageCache\com.unity.visualscripting@1.7.8\Editor\VisualScripting.Core\Dependencies\DotNetZip\Unity.VisualScripting.IonicZip.dll
Native extension for WindowsStandalone target not found
Refreshing native plugins compatible for Editor in 0.62 ms, found 3 plugins.
Preloading 0 native plugins for Editor in 0.00 ms.
Mono: successfully reloaded assembly
- Completed reload, in  0.967 seconds
Domain Reload Profiling:
	ReloadAssembly (967ms)
		BeginReloadAssembly (154ms)
			ExecutionOrderSort (0ms)
			DisableScriptedObjects (5ms)
			BackupInstance (0ms)
			ReleaseScriptingObjects (0ms)
			CreateAndSetChildDomain (37ms)
		EndReloadAssembly (713ms)
			LoadAssemblies (115ms)
			RebuildTransferFunctionScriptingTraits (0ms)
			SetupTypeCache (230ms)
			ReleaseScriptCaches (2ms)
			RebuildScriptCaches (36ms)
			SetupLoadedEditorAssemblies (316ms)
				LogAssemblyErrors (0ms)
				InitializePlatformSupportModulesInManaged (12ms)
				SetLoadedEditorAssemblies (0ms)
				RefreshPlugins (1ms)
				BeforeProcessingInitializeOnLoad (68ms)
				ProcessInitializeOnLoadAttributes (199ms)
				ProcessInitializeOnLoadMethodAttributes (22ms)
				AfterProcessingInitializeOnLoad (12ms)
				EditorAssembliesLoaded (0ms)
			ExecutionOrderSort2 (0ms)
			AwakeInstancesAfterBackupRestoration (6ms)
Platform modules already initialized, skipping
Refreshing native plugins compatible for Editor in 3.74 ms, found 3 plugins.
Preloading 0 native plugins for Editor in 0.00 ms.
Unloading 3358 Unused Serialized files (Serialized files now loaded: 0)
Unloading 20 unused Assets / (80.8 KB). Loaded Objects now: 3854.
Memory consumption went from 121.9 MB to 121.8 MB.
Total: 3.348300 ms (FindLiveObjects: 0.250200 ms CreateObjectMapping: 0.246500 ms MarkObjects: 2.753900 ms  DeleteObjects: 0.096500 ms)

AssetImportParameters requested are different than current active one (requested -> active):
  custom:video-decoder-ogg-theora: a1e56fd34408186e4bbccfd4996cb3dc -> 
  custom:container-muxer-webm: aa71ff27fc2769a1b78a27578f13a17b -> 
  custom:container-demuxer-webm: 4f35f7cbe854078d1ac9338744f61a02 -> 
  custom:video-encoder-webm-vp8: eb34c28f22e8b96e1ab97ce403110664 -> 
  custom:video-codec-MediaFoundation-h265: 746d11721c4dcdbdad8f713fa42b33f4 -> 
  custom:audio-encoder-webm-vorbis: bf7c407c2cedff20999df2af8eb42d56 -> 
  custom:framework-win-MediaFoundation: 216162199b28c13a410421893ffa2e32 -> 
  custom:container-demuxer-ogg: 62fdf1f143b41e24485cea50d1cbac27 -> 
  custom:video-decoder-webm-vp8: 9c59270c3fd7afecdb556c50c9e8de78 -> 
  custom:audio-decoder-ogg-vorbis: bf7c407c2cedff20999df2af8eb42d56 -> 
========================================================================
Received Prepare
Registering precompiled user dll's ...
Registered in 0.011500 seconds.
Begin MonoManager ReloadAssembly
Symbol file LoadedFromMemory doesn't match image C:\Users\aidan\OneDrive\Documents\GitHub\Coding-camp-car-game\Car Game\Library\PackageCache\com.unity.visualscripting@1.7.8\Editor\VisualScripting.Core\Dependencies\YamlDotNet\Unity.VisualScripting.YamlDotNet.dll
Symbol file LoadedFromMemory doesn't match image C:\Users\aidan\OneDrive\Documents\GitHub\Coding-camp-car-game\Car Game\Library\PackageCache\com.unity.visualscripting@1.7.8\Editor\VisualScripting.Core\Dependencies\DotNetZip\Unity.VisualScripting.IonicZip.dll
Native extension for WindowsStandalone target not found
Refreshing native plugins compatible for Editor in 0.63 ms, found 3 plugins.
Preloading 0 native plugins for Editor in 0.00 ms.
Mono: successfully reloaded assembly
- Completed reload, in  0.969 seconds
Domain Reload Profiling:
	ReloadAssembly (970ms)
		BeginReloadAssembly (166ms)
			ExecutionOrderSort (0ms)
			DisableScriptedObjects (5ms)
			BackupInstance (0ms)
			ReleaseScriptingObjects (0ms)
			CreateAndSetChildDomain (40ms)
		EndReloadAssembly (698ms)
			LoadAssemblies (124ms)
			RebuildTransferFunctionScriptingTraits (0ms)
			SetupTypeCache (226ms)
			ReleaseScriptCaches (1ms)
			RebuildScriptCaches (35ms)
			SetupLoadedEditorAssemblies (307ms)
				LogAssemblyErrors (0ms)
				InitializePlatformSupportModulesInManaged (12ms)
				SetLoadedEditorAssemblies (0ms)
				RefreshPlugins (1ms)
				BeforeProcessingInitializeOnLoad (69ms)
				ProcessInitializeOnLoadAttributes (189ms)
				ProcessInitializeOnLoadMethodAttributes (23ms)
				AfterProcessingInitializeOnLoad (12ms)
				EditorAssembliesLoaded (0ms)
			ExecutionOrderSort2 (0ms)
			AwakeInstancesAfterBackupRestoration (6ms)
Platform modules already initialized, skipping
Refreshing native plugins compatible for Editor in 2.67 ms, found 3 plugins.
Preloading 0 native plugins for Editor in 0.00 ms.
Unloading 3358 Unused Serialized files (Serialized files now loaded: 0)
Unloading 20 unused Assets / (80.7 KB). Loaded Objects now: 3857.
Memory consumption went from 121.8 MB to 121.7 MB.
Total: 3.123800 ms (FindLiveObjects: 0.219200 ms CreateObjectMapping: 0.179100 ms MarkObjects: 2.634200 ms  DeleteObjects: 0.090500 ms)

AssetImportParameters requested are different than current active one (requested -> active):
  custom:video-decoder-ogg-theora: a1e56fd34408186e4bbccfd4996cb3dc -> 
  custom:container-muxer-webm: aa71ff27fc2769a1b78a27578f13a17b -> 
  custom:container-demuxer-webm: 4f35f7cbe854078d1ac9338744f61a02 -> 
  custom:video-encoder-webm-vp8: eb34c28f22e8b96e1ab97ce403110664 -> 
  custom:video-codec-MediaFoundation-h265: 746d11721c4dcdbdad8f713fa42b33f4 -> 
  custom:audio-encoder-webm-vorbis: bf7c407c2cedff20999df2af8eb42d56 -> 
  custom:framework-win-MediaFoundation: 216162199b28c13a410421893ffa2e32 -> 
  custom:container-demuxer-ogg: 62fdf1f143b41e24485cea50d1cbac27 -> 
  custom:video-decoder-webm-vp8: 9c59270c3fd7afecdb556c50c9e8de78 -> 
  custom:audio-decoder-ogg-vorbis: bf7c407c2cedff20999df2af8eb42d56 -> 
========================================================================
Received Prepare
Registering precompiled user dll's ...
Registered in 0.009991 seconds.
Begin MonoManager ReloadAssembly
Symbol file LoadedFromMemory doesn't match image C:\Users\aidan\OneDrive\Documents\GitHub\Coding-camp-car-game\Car Game\Library\PackageCache\com.unity.visualscripting@1.7.8\Editor\VisualScripting.Core\Dependencies\YamlDotNet\Unity.VisualScripting.YamlDotNet.dll
Symbol file LoadedFromMemory doesn't match image C:\Users\aidan\OneDrive\Documents\GitHub\Coding-camp-car-game\Car Game\Library\PackageCache\com.unity.visualscripting@1.7.8\Editor\VisualScripting.Core\Dependencies\DotNetZip\Unity.VisualScripting.IonicZip.dll
Native extension for WindowsStandalone target not found
Refreshing native plugins compatible for Editor in 0.58 ms, found 3 plugins.
Preloading 0 native plugins for Editor in 0.00 ms.
Mono: successfully reloaded assembly
- Completed reload, in  0.875 seconds
Domain Reload Profiling:
	ReloadAssembly (875ms)
		BeginReloadAssembly (174ms)
			ExecutionOrderSort (0ms)
			DisableScriptedObjects (6ms)
			BackupInstance (0ms)
			ReleaseScriptingObjects (0ms)
			CreateAndSetChildDomain (46ms)
		EndReloadAssembly (602ms)
			LoadAssemblies (121ms)
			RebuildTransferFunctionScriptingTraits (0ms)
			SetupTypeCache (189ms)
			ReleaseScriptCaches (1ms)
			RebuildScriptCaches (30ms)
			SetupLoadedEditorAssemblies (263ms)
				LogAssemblyErrors (0ms)
				InitializePlatformSupportModulesInManaged (11ms)
				SetLoadedEditorAssemblies (0ms)
				RefreshPlugins (1ms)
				BeforeProcessingInitializeOnLoad (60ms)
				ProcessInitializeOnLoadAttributes (160ms)
				ProcessInitializeOnLoadMethodAttributes (20ms)
				AfterProcessingInitializeOnLoad (11ms)
				EditorAssembliesLoaded (0ms)
			ExecutionOrderSort2 (0ms)
			AwakeInstancesAfterBackupRestoration (5ms)
Platform modules already initialized, skipping
Refreshing native plugins compatible for Editor in 2.55 ms, found 3 plugins.
Preloading 0 native plugins for Editor in 0.00 ms.
Unloading 3358 Unused Serialized files (Serialized files now loaded: 0)
Unloading 20 unused Assets / (80.8 KB). Loaded Objects now: 3860.
Memory consumption went from 121.8 MB to 121.7 MB.
Total: 2.522600 ms (FindLiveObjects: 0.212900 ms CreateObjectMapping: 0.080300 ms MarkObjects: 2.129600 ms  DeleteObjects: 0.098800 ms)

AssetImportParameters requested are different than current active one (requested -> active):
  custom:video-decoder-ogg-theora: a1e56fd34408186e4bbccfd4996cb3dc -> 
  custom:container-muxer-webm: aa71ff27fc2769a1b78a27578f13a17b -> 
  custom:container-demuxer-webm: 4f35f7cbe854078d1ac9338744f61a02 -> 
  custom:video-encoder-webm-vp8: eb34c28f22e8b96e1ab97ce403110664 -> 
  custom:video-codec-MediaFoundation-h265: 746d11721c4dcdbdad8f713fa42b33f4 -> 
  custom:audio-encoder-webm-vorbis: bf7c407c2cedff20999df2af8eb42d56 -> 
  custom:framework-win-MediaFoundation: 216162199b28c13a410421893ffa2e32 -> 
  custom:container-demuxer-ogg: 62fdf1f143b41e24485cea50d1cbac27 -> 
  custom:video-decoder-webm-vp8: 9c59270c3fd7afecdb556c50c9e8de78 -> 
  custom:audio-decoder-ogg-vorbis: bf7c407c2cedff20999df2af8eb42d56 -> 
========================================================================
Received Import Request.
  Time since last request: 159.469318 seconds.
  path: Assets/Scripts/CarController.cs
  artifactKey: Guid(b4a22434d9f469a4aa748ddb9f012a6a) Importer(815301076,1909f56bfc062723c751e8b465ee728b)
Start importing Assets/Scripts/CarController.cs using Guid(b4a22434d9f469a4aa748ddb9f012a6a) Importer(815301076,1909f56bfc062723c751e8b465ee728b)  -> (artifact id: 'ab1a1be6865f0716ba88daad18ace639') in 0.010137 seconds 
========================================================================
Received Prepare
Registering precompiled user dll's ...
Registered in 0.009326 seconds.
Begin MonoManager ReloadAssembly
Symbol file LoadedFromMemory doesn't match image C:\Users\aidan\OneDrive\Documents\GitHub\Coding-camp-car-game\Car Game\Library\PackageCache\com.unity.visualscripting@1.7.8\Editor\VisualScripting.Core\Dependencies\YamlDotNet\Unity.VisualScripting.YamlDotNet.dll
Symbol file LoadedFromMemory doesn't match image C:\Users\aidan\OneDrive\Documents\GitHub\Coding-camp-car-game\Car Game\Library\PackageCache\com.unity.visualscripting@1.7.8\Editor\VisualScripting.Core\Dependencies\DotNetZip\Unity.VisualScripting.IonicZip.dll
Native extension for WindowsStandalone target not found
Refreshing native plugins compatible for Editor in 0.79 ms, found 3 plugins.
Preloading 0 native plugins for Editor in 0.00 ms.
Mono: successfully reloaded assembly
- Completed reload, in  1.012 seconds
Domain Reload Profiling:
	ReloadAssembly (1012ms)
		BeginReloadAssembly (168ms)
			ExecutionOrderSort (0ms)
			DisableScriptedObjects (5ms)
			BackupInstance (0ms)
			ReleaseScriptingObjects (0ms)
			CreateAndSetChildDomain (38ms)
		EndReloadAssembly (732ms)
			LoadAssemblies (131ms)
			RebuildTransferFunctionScriptingTraits (0ms)
			SetupTypeCache (247ms)
			ReleaseScriptCaches (1ms)
			RebuildScriptCaches (37ms)
			SetupLoadedEditorAssemblies (308ms)
				LogAssemblyErrors (0ms)
				InitializePlatformSupportModulesInManaged (13ms)
				SetLoadedEditorAssemblies (0ms)
				RefreshPlugins (1ms)
				BeforeProcessingInitializeOnLoad (71ms)
				ProcessInitializeOnLoadAttributes (189ms)
				ProcessInitializeOnLoadMethodAttributes (23ms)
				AfterProcessingInitializeOnLoad (12ms)
				EditorAssembliesLoaded (0ms)
			ExecutionOrderSort2 (0ms)
			AwakeInstancesAfterBackupRestoration (5ms)
Platform modules already initialized, skipping
Refreshing native plugins compatible for Editor in 3.97 ms, found 3 plugins.
Preloading 0 native plugins for Editor in 0.00 ms.
Unloading 3358 Unused Serialized files (Serialized files now loaded: 0)
Unloading 20 unused Assets / (80.9 KB). Loaded Objects now: 3863.
Memory consumption went from 121.8 MB to 121.7 MB.
Total: 2.777800 ms (FindLiveObjects: 0.217300 ms CreateObjectMapping: 0.075200 ms MarkObjects: 2.384000 ms  DeleteObjects: 0.100300 ms)

AssetImportParameters requested are different than current active one (requested -> active):
  custom:video-decoder-ogg-theora: a1e56fd34408186e4bbccfd4996cb3dc -> 
  custom:container-muxer-webm: aa71ff27fc2769a1b78a27578f13a17b -> 
  custom:container-demuxer-webm: 4f35f7cbe854078d1ac9338744f61a02 -> 
  custom:video-encoder-webm-vp8: eb34c28f22e8b96e1ab97ce403110664 -> 
  custom:video-codec-MediaFoundation-h265: 746d11721c4dcdbdad8f713fa42b33f4 -> 
  custom:audio-encoder-webm-vorbis: bf7c407c2cedff20999df2af8eb42d56 -> 
  custom:framework-win-MediaFoundation: 216162199b28c13a410421893ffa2e32 -> 
  custom:container-demuxer-ogg: 62fdf1f143b41e24485cea50d1cbac27 -> 
  custom:video-decoder-webm-vp8: 9c59270c3fd7afecdb556c50c9e8de78 -> 
  custom:audio-decoder-ogg-vorbis: bf7c407c2cedff20999df2af8eb42d56 -> 
========================================================================
Received Prepare
Registering precompiled user dll's ...
Registered in 0.010861 seconds.
Begin MonoManager ReloadAssembly
Symbol file LoadedFromMemory doesn't match image C:\Users\aidan\OneDrive\Documents\GitHub\Coding-camp-car-game\Car Game\Library\PackageCache\com.unity.visualscripting@1.7.8\Editor\VisualScripting.Core\Dependencies\YamlDotNet\Unity.VisualScripting.YamlDotNet.dll
Symbol file LoadedFromMemory doesn't match image C:\Users\aidan\OneDrive\Documents\GitHub\Coding-camp-car-game\Car Game\Library\PackageCache\com.unity.visualscripting@1.7.8\Editor\VisualScripting.Core\Dependencies\DotNetZip\Unity.VisualScripting.IonicZip.dll
Native extension for WindowsStandalone target not found
Refreshing native plugins compatible for Editor in 0.62 ms, found 3 plugins.
Preloading 0 native plugins for Editor in 0.00 ms.
Mono: successfully reloaded assembly
- Completed reload, in  0.830 seconds
Domain Reload Profiling:
	ReloadAssembly (831ms)
		BeginReloadAssembly (141ms)
			ExecutionOrderSort (0ms)
			DisableScriptedObjects (5ms)
			BackupInstance (0ms)
			ReleaseScriptingObjects (0ms)
			CreateAndSetChildDomain (33ms)
		EndReloadAssembly (603ms)
			LoadAssemblies (102ms)
			RebuildTransferFunctionScriptingTraits (0ms)
			SetupTypeCache (183ms)
			ReleaseScriptCaches (1ms)
			RebuildScriptCaches (29ms)
			SetupLoadedEditorAssemblies (278ms)
				LogAssemblyErrors (0ms)
				InitializePlatformSupportModulesInManaged (11ms)
				SetLoadedEditorAssemblies (0ms)
				RefreshPlugins (1ms)
				BeforeProcessingInitializeOnLoad (66ms)
				ProcessInitializeOnLoadAttributes (169ms)
				ProcessInitializeOnLoadMethodAttributes (20ms)
				AfterProcessingInitializeOnLoad (11ms)
				EditorAssembliesLoaded (0ms)
			ExecutionOrderSort2 (0ms)
			AwakeInstancesAfterBackupRestoration (5ms)
Platform modules already initialized, skipping
Refreshing native plugins compatible for Editor in 2.43 ms, found 3 plugins.
Preloading 0 native plugins for Editor in 0.00 ms.
Unloading 3358 Unused Serialized files (Serialized files now loaded: 0)
Unloading 20 unused Assets / (80.8 KB). Loaded Objects now: 3866.
Memory consumption went from 121.9 MB to 121.8 MB.
Total: 3.517600 ms (FindLiveObjects: 0.227100 ms CreateObjectMapping: 0.068200 ms MarkObjects: 3.119700 ms  DeleteObjects: 0.101700 ms)

AssetImportParameters requested are different than current active one (requested -> active):
  custom:video-decoder-ogg-theora: a1e56fd34408186e4bbccfd4996cb3dc -> 
  custom:container-muxer-webm: aa71ff27fc2769a1b78a27578f13a17b -> 
  custom:container-demuxer-webm: 4f35f7cbe854078d1ac9338744f61a02 -> 
  custom:video-encoder-webm-vp8: eb34c28f22e8b96e1ab97ce403110664 -> 
  custom:video-codec-MediaFoundation-h265: 746d11721c4dcdbdad8f713fa42b33f4 -> 
  custom:audio-encoder-webm-vorbis: bf7c407c2cedff20999df2af8eb42d56 -> 
  custom:framework-win-MediaFoundation: 216162199b28c13a410421893ffa2e32 -> 
  custom:container-demuxer-ogg: 62fdf1f143b41e24485cea50d1cbac27 -> 
  custom:video-decoder-webm-vp8: 9c59270c3fd7afecdb556c50c9e8de78 -> 
  custom:audio-decoder-ogg-vorbis: bf7c407c2cedff20999df2af8eb42d56 -> 
========================================================================
Received Prepare
Registering precompiled user dll's ...
Registered in 0.009656 seconds.
Begin MonoManager ReloadAssembly
Symbol file LoadedFromMemory doesn't match image C:\Users\aidan\OneDrive\Documents\GitHub\Coding-camp-car-game\Car Game\Library\PackageCache\com.unity.visualscripting@1.7.8\Editor\VisualScripting.Core\Dependencies\YamlDotNet\Unity.VisualScripting.YamlDotNet.dll
Symbol file LoadedFromMemory doesn't match image C:\Users\aidan\OneDrive\Documents\GitHub\Coding-camp-car-game\Car Game\Library\PackageCache\com.unity.visualscripting@1.7.8\Editor\VisualScripting.Core\Dependencies\DotNetZip\Unity.VisualScripting.IonicZip.dll
Native extension for WindowsStandalone target not found
Refreshing native plugins compatible for Editor in 0.48 ms, found 3 plugins.
Preloading 0 native plugins for Editor in 0.00 ms.
Mono: successfully reloaded assembly
- Completed reload, in  0.935 seconds
Domain Reload Profiling:
	ReloadAssembly (935ms)
		BeginReloadAssembly (164ms)
			ExecutionOrderSort (0ms)
			DisableScriptedObjects (7ms)
			BackupInstance (0ms)
			ReleaseScriptingObjects (0ms)
			CreateAndSetChildDomain (36ms)
		EndReloadAssembly (664ms)
			LoadAssemblies (127ms)
			RebuildTransferFunctionScriptingTraits (0ms)
			SetupTypeCache (222ms)
			ReleaseScriptCaches (1ms)
			RebuildScriptCaches (30ms)
			SetupLoadedEditorAssemblies (285ms)
				LogAssemblyErrors (0ms)
				InitializePlatformSupportModulesInManaged (12ms)
				SetLoadedEditorAssemblies (0ms)
				RefreshPlugins (1ms)
				BeforeProcessingInitializeOnLoad (64ms)
				ProcessInitializeOnLoadAttributes (177ms)
				ProcessInitializeOnLoadMethodAttributes (20ms)
				AfterProcessingInitializeOnLoad (11ms)
				EditorAssembliesLoaded (0ms)
			ExecutionOrderSort2 (0ms)
			AwakeInstancesAfterBackupRestoration (5ms)
Platform modules already initialized, skipping
Refreshing native plugins compatible for Editor in 2.62 ms, found 3 plugins.
Preloading 0 native plugins for Editor in 0.00 ms.
Unloading 3358 Unused Serialized files (Serialized files now loaded: 0)
Unloading 20 unused Assets / (80.8 KB). Loaded Objects now: 3869.
Memory consumption went from 121.9 MB to 121.8 MB.
Total: 2.347400 ms (FindLiveObjects: 0.204700 ms CreateObjectMapping: 0.068700 ms MarkObjects: 1.991200 ms  DeleteObjects: 0.081600 ms)

AssetImportParameters requested are different than current active one (requested -> active):
  custom:video-decoder-ogg-theora: a1e56fd34408186e4bbccfd4996cb3dc -> 
  custom:container-muxer-webm: aa71ff27fc2769a1b78a27578f13a17b -> 
  custom:container-demuxer-webm: 4f35f7cbe854078d1ac9338744f61a02 -> 
  custom:video-encoder-webm-vp8: eb34c28f22e8b96e1ab97ce403110664 -> 
  custom:video-codec-MediaFoundation-h265: 746d11721c4dcdbdad8f713fa42b33f4 -> 
  custom:audio-encoder-webm-vorbis: bf7c407c2cedff20999df2af8eb42d56 -> 
  custom:framework-win-MediaFoundation: 216162199b28c13a410421893ffa2e32 -> 
  custom:container-demuxer-ogg: 62fdf1f143b41e24485cea50d1cbac27 -> 
  custom:video-decoder-webm-vp8: 9c59270c3fd7afecdb556c50c9e8de78 -> 
  custom:audio-decoder-ogg-vorbis: bf7c407c2cedff20999df2af8eb42d56 -> 
========================================================================
Received Prepare
Registering precompiled user dll's ...
Registered in 0.010800 seconds.
Begin MonoManager ReloadAssembly
Symbol file LoadedFromMemory doesn't match image C:\Users\aidan\OneDrive\Documents\GitHub\Coding-camp-car-game\Car Game\Library\PackageCache\com.unity.visualscripting@1.7.8\Editor\VisualScripting.Core\Dependencies\YamlDotNet\Unity.VisualScripting.YamlDotNet.dll
Symbol file LoadedFromMemory doesn't match image C:\Users\aidan\OneDrive\Documents\GitHub\Coding-camp-car-game\Car Game\Library\PackageCache\com.unity.visualscripting@1.7.8\Editor\VisualScripting.Core\Dependencies\DotNetZip\Unity.VisualScripting.IonicZip.dll
Native extension for WindowsStandalone target not found
Refreshing native plugins compatible for Editor in 0.52 ms, found 3 plugins.
Preloading 0 native plugins for Editor in 0.00 ms.
Mono: successfully reloaded assembly
- Completed reload, in  0.984 seconds
Domain Reload Profiling:
	ReloadAssembly (985ms)
		BeginReloadAssembly (159ms)
			ExecutionOrderSort (0ms)
			DisableScriptedObjects (5ms)
			BackupInstance (0ms)
			ReleaseScriptingObjects (0ms)
			CreateAndSetChildDomain (39ms)
		EndReloadAssembly (725ms)
			LoadAssemblies (123ms)
			RebuildTransferFunctionScriptingTraits (0ms)
			SetupTypeCache (229ms)
			ReleaseScriptCaches (1ms)
			RebuildScriptCaches (35ms)
			SetupLoadedEditorAssemblies (321ms)
				LogAssemblyErrors (0ms)
				InitializePlatformSupportModulesInManaged (13ms)
				SetLoadedEditorAssemblies (0ms)
				RefreshPlugins (1ms)
				BeforeProcessingInitializeOnLoad (72ms)
				ProcessInitializeOnLoadAttributes (199ms)
				ProcessInitializeOnLoadMethodAttributes (23ms)
				AfterProcessingInitializeOnLoad (12ms)
				EditorAssembliesLoaded (0ms)
			ExecutionOrderSort2 (0ms)
			AwakeInstancesAfterBackupRestoration (6ms)
Platform modules already initialized, skipping
Refreshing native plugins compatible for Editor in 2.71 ms, found 3 plugins.
Preloading 0 native plugins for Editor in 0.00 ms.
Unloading 3358 Unused Serialized files (Serialized files now loaded: 0)
Unloading 20 unused Assets / (80.8 KB). Loaded Objects now: 3872.
Memory consumption went from 121.9 MB to 121.8 MB.
Total: 4.461800 ms (FindLiveObjects: 0.342400 ms CreateObjectMapping: 0.319800 ms MarkObjects: 3.659300 ms  DeleteObjects: 0.138900 ms)

AssetImportParameters requested are different than current active one (requested -> active):
  custom:video-decoder-ogg-theora: a1e56fd34408186e4bbccfd4996cb3dc -> 
  custom:container-muxer-webm: aa71ff27fc2769a1b78a27578f13a17b -> 
  custom:container-demuxer-webm: 4f35f7cbe854078d1ac9338744f61a02 -> 
  custom:video-encoder-webm-vp8: eb34c28f22e8b96e1ab97ce403110664 -> 
  custom:video-codec-MediaFoundation-h265: 746d11721c4dcdbdad8f713fa42b33f4 -> 
  custom:audio-encoder-webm-vorbis: bf7c407c2cedff20999df2af8eb42d56 -> 
  custom:framework-win-MediaFoundation: 216162199b28c13a410421893ffa2e32 -> 
  custom:container-demuxer-ogg: 62fdf1f143b41e24485cea50d1cbac27 -> 
  custom:video-decoder-webm-vp8: 9c59270c3fd7afecdb556c50c9e8de78 -> 
  custom:audio-decoder-ogg-vorbis: bf7c407c2cedff20999df2af8eb42d56 -> 
========================================================================
Received Import Request.
  Time since last request: 113.944184 seconds.
  path: Assets/wall/destructible Wall.prefab
  artifactKey: Guid(7d80b13c66f14c64c9ad147a6a62db76) Importer(815301076,1909f56bfc062723c751e8b465ee728b)
Start importing Assets/wall/destructible Wall.prefab using Guid(7d80b13c66f14c64c9ad147a6a62db76) Importer(815301076,1909f56bfc062723c751e8b465ee728b)  -> (artifact id: 'fb49213c0bb4ce88f698e20e8550e4ca') in 0.062683 seconds 
========================================================================
Received Import Request.
  Time since last request: 1.717981 seconds.
  path: Assets/wall/destructible Wall.prefab
  artifactKey: Guid(7d80b13c66f14c64c9ad147a6a62db76) Importer(815301076,1909f56bfc062723c751e8b465ee728b)
Start importing Assets/wall/destructible Wall.prefab using Guid(7d80b13c66f14c64c9ad147a6a62db76) Importer(815301076,1909f56bfc062723c751e8b465ee728b)  -> (artifact id: '1b9f8fe54df614e6a546c8e4d1ab3abf') in 0.010613 seconds 
========================================================================
Received Import Request.
  Time since last request: 2.534596 seconds.
  path: Assets/wall/destructible Wall.prefab
  artifactKey: Guid(7d80b13c66f14c64c9ad147a6a62db76) Importer(815301076,1909f56bfc062723c751e8b465ee728b)
Start importing Assets/wall/destructible Wall.prefab using Guid(7d80b13c66f14c64c9ad147a6a62db76) Importer(815301076,1909f56bfc062723c751e8b465ee728b)  -> (artifact id: '1ca604c5fa06da1f812fd432b3490248') in 0.010321 seconds 
========================================================================
Received Prepare
Registering precompiled user dll's ...
Registered in 0.010488 seconds.
Begin MonoManager ReloadAssembly
Symbol file LoadedFromMemory doesn't match image C:\Users\aidan\OneDrive\Documents\GitHub\Coding-camp-car-game\Car Game\Library\PackageCache\com.unity.visualscripting@1.7.8\Editor\VisualScripting.Core\Dependencies\YamlDotNet\Unity.VisualScripting.YamlDotNet.dll
Symbol file LoadedFromMemory doesn't match image C:\Users\aidan\OneDrive\Documents\GitHub\Coding-camp-car-game\Car Game\Library\PackageCache\com.unity.visualscripting@1.7.8\Editor\VisualScripting.Core\Dependencies\DotNetZip\Unity.VisualScripting.IonicZip.dll
Native extension for WindowsStandalone target not found
Refreshing native plugins compatible for Editor in 0.71 ms, found 3 plugins.
Preloading 0 native plugins for Editor in 0.00 ms.
Mono: successfully reloaded assembly
- Completed reload, in  1.016 seconds
Domain Reload Profiling:
	ReloadAssembly (1017ms)
		BeginReloadAssembly (157ms)
			ExecutionOrderSort (0ms)
			DisableScriptedObjects (4ms)
			BackupInstance (0ms)
			ReleaseScriptingObjects (0ms)
			CreateAndSetChildDomain (39ms)
		EndReloadAssembly (757ms)
			LoadAssemblies (120ms)
			RebuildTransferFunctionScriptingTraits (0ms)
			SetupTypeCache (235ms)
			ReleaseScriptCaches (2ms)
			RebuildScriptCaches (41ms)
			SetupLoadedEditorAssemblies (336ms)
				LogAssemblyErrors (0ms)
				InitializePlatformSupportModulesInManaged (13ms)
				SetLoadedEditorAssemblies (0ms)
				RefreshPlugins (1ms)
				BeforeProcessingInitializeOnLoad (78ms)
				ProcessInitializeOnLoadAttributes (205ms)
				ProcessInitializeOnLoadMethodAttributes (24ms)
				AfterProcessingInitializeOnLoad (13ms)
				EditorAssembliesLoaded (0ms)
			ExecutionOrderSort2 (0ms)
			AwakeInstancesAfterBackupRestoration (5ms)
Platform modules already initialized, skipping
Refreshing native plugins compatible for Editor in 2.83 ms, found 3 plugins.
Preloading 0 native plugins for Editor in 0.00 ms.
Unloading 3358 Unused Serialized files (Serialized files now loaded: 0)
Unloading 20 unused Assets / (80.8 KB). Loaded Objects now: 3875.
Memory consumption went from 121.9 MB to 121.8 MB.
Total: 3.440400 ms (FindLiveObjects: 0.219200 ms CreateObjectMapping: 0.179900 ms MarkObjects: 2.934600 ms  DeleteObjects: 0.105700 ms)

AssetImportParameters requested are different than current active one (requested -> active):
  custom:video-decoder-ogg-theora: a1e56fd34408186e4bbccfd4996cb3dc -> 
  custom:container-muxer-webm: aa71ff27fc2769a1b78a27578f13a17b -> 
  custom:container-demuxer-webm: 4f35f7cbe854078d1ac9338744f61a02 -> 
  custom:video-encoder-webm-vp8: eb34c28f22e8b96e1ab97ce403110664 -> 
  custom:video-codec-MediaFoundation-h265: 746d11721c4dcdbdad8f713fa42b33f4 -> 
  custom:audio-encoder-webm-vorbis: bf7c407c2cedff20999df2af8eb42d56 -> 
  custom:framework-win-MediaFoundation: 216162199b28c13a410421893ffa2e32 -> 
  custom:container-demuxer-ogg: 62fdf1f143b41e24485cea50d1cbac27 -> 
  custom:video-decoder-webm-vp8: 9c59270c3fd7afecdb556c50c9e8de78 -> 
  custom:audio-decoder-ogg-vorbis: bf7c407c2cedff20999df2af8eb42d56 -> 
========================================================================
Received Prepare
Registering precompiled user dll's ...
Registered in 0.010035 seconds.
Begin MonoManager ReloadAssembly
Symbol file LoadedFromMemory doesn't match image C:\Users\aidan\OneDrive\Documents\GitHub\Coding-camp-car-game\Car Game\Library\PackageCache\com.unity.visualscripting@1.7.8\Editor\VisualScripting.Core\Dependencies\YamlDotNet\Unity.VisualScripting.YamlDotNet.dll
Symbol file LoadedFromMemory doesn't match image C:\Users\aidan\OneDrive\Documents\GitHub\Coding-camp-car-game\Car Game\Library\PackageCache\com.unity.visualscripting@1.7.8\Editor\VisualScripting.Core\Dependencies\DotNetZip\Unity.VisualScripting.IonicZip.dll
Native extension for WindowsStandalone target not found
Refreshing native plugins compatible for Editor in 0.68 ms, found 3 plugins.
Preloading 0 native plugins for Editor in 0.00 ms.
Mono: successfully reloaded assembly
- Completed reload, in  0.983 seconds
Domain Reload Profiling:
	ReloadAssembly (984ms)
		BeginReloadAssembly (160ms)
			ExecutionOrderSort (0ms)
			DisableScriptedObjects (5ms)
			BackupInstance (0ms)
			ReleaseScriptingObjects (0ms)
			CreateAndSetChildDomain (37ms)
		EndReloadAssembly (723ms)
			LoadAssemblies (119ms)
			RebuildTransferFunctionScriptingTraits (0ms)
			SetupTypeCache (227ms)
			ReleaseScriptCaches (1ms)
			RebuildScriptCaches (38ms)
			SetupLoadedEditorAssemblies (322ms)
				LogAssemblyErrors (0ms)
				InitializePlatformSupportModulesInManaged (15ms)
				SetLoadedEditorAssemblies (0ms)
				RefreshPlugins (1ms)
				BeforeProcessingInitializeOnLoad (71ms)
				ProcessInitializeOnLoadAttributes (198ms)
				ProcessInitializeOnLoadMethodAttributes (24ms)
				AfterProcessingInitializeOnLoad (13ms)
				EditorAssembliesLoaded (0ms)
			ExecutionOrderSort2 (0ms)
			AwakeInstancesAfterBackupRestoration (6ms)
Platform modules already initialized, skipping
Refreshing native plugins compatible for Editor in 2.93 ms, found 3 plugins.
Preloading 0 native plugins for Editor in 0.00 ms.
Unloading 3358 Unused Serialized files (Serialized files now loaded: 0)
Unloading 20 unused Assets / (80.8 KB). Loaded Objects now: 3878.
Memory consumption went from 121.9 MB to 121.8 MB.
Total: 2.985800 ms (FindLiveObjects: 0.246500 ms CreateObjectMapping: 0.190900 ms MarkObjects: 2.452800 ms  DeleteObjects: 0.094700 ms)

AssetImportParameters requested are different than current active one (requested -> active):
  custom:video-decoder-ogg-theora: a1e56fd34408186e4bbccfd4996cb3dc -> 
  custom:container-muxer-webm: aa71ff27fc2769a1b78a27578f13a17b -> 
  custom:container-demuxer-webm: 4f35f7cbe854078d1ac9338744f61a02 -> 
  custom:video-encoder-webm-vp8: eb34c28f22e8b96e1ab97ce403110664 -> 
  custom:video-codec-MediaFoundation-h265: 746d11721c4dcdbdad8f713fa42b33f4 -> 
  custom:audio-encoder-webm-vorbis: bf7c407c2cedff20999df2af8eb42d56 -> 
  custom:framework-win-MediaFoundation: 216162199b28c13a410421893ffa2e32 -> 
  custom:container-demuxer-ogg: 62fdf1f143b41e24485cea50d1cbac27 -> 
  custom:video-decoder-webm-vp8: 9c59270c3fd7afecdb556c50c9e8de78 -> 
  custom:audio-decoder-ogg-vorbis: bf7c407c2cedff20999df2af8eb42d56 -> 
========================================================================
Received Prepare
Registering precompiled user dll's ...
Registered in 0.011462 seconds.
Begin MonoManager ReloadAssembly
Symbol file LoadedFromMemory doesn't match image C:\Users\aidan\OneDrive\Documents\GitHub\Coding-camp-car-game\Car Game\Library\PackageCache\com.unity.visualscripting@1.7.8\Editor\VisualScripting.Core\Dependencies\YamlDotNet\Unity.VisualScripting.YamlDotNet.dll
Symbol file LoadedFromMemory doesn't match image C:\Users\aidan\OneDrive\Documents\GitHub\Coding-camp-car-game\Car Game\Library\PackageCache\com.unity.visualscripting@1.7.8\Editor\VisualScripting.Core\Dependencies\DotNetZip\Unity.VisualScripting.IonicZip.dll
Native extension for WindowsStandalone target not found
Refreshing native plugins compatible for Editor in 0.55 ms, found 3 plugins.
Preloading 0 native plugins for Editor in 0.00 ms.
Mono: successfully reloaded assembly
- Completed reload, in  0.962 seconds
Domain Reload Profiling:
	ReloadAssembly (962ms)
		BeginReloadAssembly (154ms)
			ExecutionOrderSort (0ms)
			DisableScriptedObjects (5ms)
			BackupInstance (0ms)
			ReleaseScriptingObjects (0ms)
			CreateAndSetChildDomain (36ms)
		EndReloadAssembly (708ms)
			LoadAssemblies (117ms)
			RebuildTransferFunctionScriptingTraits (0ms)
			SetupTypeCache (222ms)
			ReleaseScriptCaches (1ms)
			RebuildScriptCaches (35ms)
			SetupLoadedEditorAssemblies (316ms)
				LogAssemblyErrors (0ms)
				InitializePlatformSupportModulesInManaged (13ms)
				SetLoadedEditorAssemblies (1ms)
				RefreshPlugins (1ms)
				BeforeProcessingInitializeOnLoad (68ms)
				ProcessInitializeOnLoadAttributes (197ms)
				ProcessInitializeOnLoadMethodAttributes (23ms)
				AfterProcessingInitializeOnLoad (13ms)
				EditorAssembliesLoaded (0ms)
			ExecutionOrderSort2 (0ms)
			AwakeInstancesAfterBackupRestoration (6ms)
Platform modules already initialized, skipping
Refreshing native plugins compatible for Editor in 2.53 ms, found 3 plugins.
Preloading 0 native plugins for Editor in 0.00 ms.
Unloading 3358 Unused Serialized files (Serialized files now loaded: 0)
Unloading 20 unused Assets / (80.7 KB). Loaded Objects now: 3881.
Memory consumption went from 121.9 MB to 121.8 MB.
Total: 3.682000 ms (FindLiveObjects: 0.237700 ms CreateObjectMapping: 0.075200 ms MarkObjects: 3.263300 ms  DeleteObjects: 0.104500 ms)

AssetImportParameters requested are different than current active one (requested -> active):
  custom:video-decoder-ogg-theora: a1e56fd34408186e4bbccfd4996cb3dc -> 
  custom:container-muxer-webm: aa71ff27fc2769a1b78a27578f13a17b -> 
  custom:container-demuxer-webm: 4f35f7cbe854078d1ac9338744f61a02 -> 
  custom:video-encoder-webm-vp8: eb34c28f22e8b96e1ab97ce403110664 -> 
  custom:video-codec-MediaFoundation-h265: 746d11721c4dcdbdad8f713fa42b33f4 -> 
  custom:audio-encoder-webm-vorbis: bf7c407c2cedff20999df2af8eb42d56 -> 
  custom:framework-win-MediaFoundation: 216162199b28c13a410421893ffa2e32 -> 
  custom:container-demuxer-ogg: 62fdf1f143b41e24485cea50d1cbac27 -> 
  custom:video-decoder-webm-vp8: 9c59270c3fd7afecdb556c50c9e8de78 -> 
  custom:audio-decoder-ogg-vorbis: bf7c407c2cedff20999df2af8eb42d56 -> 
